This file contains any messages produced by compilers while
running configure, to aid debugging if configure makes a mistake.

It was created by libpuzzle configure 0.11, which was
generated by GNU Autoconf 2.63.  Invocation command line was

  $ ./configure 

## --------- ##
## Platform. ##
## --------- ##

hostname = ubuntu
uname -m = x86_64
uname -r = 3.2.0-33-generic
uname -s = Linux
uname -v = #52-Ubuntu SMP Thu Oct 18 16:29:15 UTC 2012

/usr/bin/uname -p = unknown
/bin/uname -X     = unknown

/bin/arch              = unknown
/usr/bin/arch -k       = unknown
/usr/convex/getsysinfo = unknown
/usr/bin/hostinfo      = unknown
/bin/machine           = unknown
/usr/bin/oslevel       = unknown
/bin/universe          = unknown

PATH: /usr/lib/lightdm/lightdm
PATH: /usr/local/sbin
PATH: /usr/local/bin
PATH: /usr/sbin
PATH: /usr/bin
PATH: /sbin
PATH: /bin
PATH: /usr/games
PATH: /home/danno/.rvm/bin


## ----------- ##
## Core tests. ##
## ----------- ##

configure:2089: checking for a BSD-compatible install
configure:2157: result: /usr/bin/install -c
configure:2168: checking whether build environment is sane
configure:2211: result: yes
configure:2236: checking for a thread-safe mkdir -p
configure:2275: result: /bin/mkdir -p
configure:2288: checking for gawk
configure:2318: result: no
configure:2288: checking for mawk
configure:2304: found /usr/bin/mawk
configure:2315: result: mawk
configure:2326: checking whether make sets $(MAKE)
configure:2348: result: yes
configure:2532: checking whether to enable maintainer-specific portions of Makefiles
configure:2541: result: no
configure:2614: checking for g++
configure:2630: found /usr/bin/g++
configure:2641: result: g++
configure:2668: checking for C++ compiler version
configure:2676: g++ --version >&5
g++ (Ubuntu/Linaro 4.6.3-1ubuntu5) 4.6.3
Copyright (C) 2011 Free Software Foundation, Inc.
This is free software; see the source for copying conditions.  There is NO
warranty; not even for MERCHANTABILITY or FITNESS FOR A PARTICULAR PURPOSE.

configure:2680: $? = 0
configure:2687: g++ -v >&5
Using built-in specs.
COLLECT_GCC=g++
COLLECT_LTO_WRAPPER=/usr/lib/gcc/x86_64-linux-gnu/4.6/lto-wrapper
Target: x86_64-linux-gnu
Configured with: ../src/configure -v --with-pkgversion='Ubuntu/Linaro 4.6.3-1ubuntu5' --with-bugurl=file:///usr/share/doc/gcc-4.6/README.Bugs --enable-languages=c,c++,fortran,objc,obj-c++ --prefix=/usr --program-suffix=-4.6 --enable-shared --enable-linker-build-id --with-system-zlib --libexecdir=/usr/lib --without-included-gettext --enable-threads=posix --with-gxx-include-dir=/usr/include/c++/4.6 --libdir=/usr/lib --enable-nls --with-sysroot=/ --enable-clocale=gnu --enable-libstdcxx-debug --enable-libstdcxx-time=yes --enable-gnu-unique-object --enable-plugin --enable-objc-gc --disable-werror --with-arch-32=i686 --with-tune=generic --enable-checking=release --build=x86_64-linux-gnu --host=x86_64-linux-gnu --target=x86_64-linux-gnu
Thread model: posix
gcc version 4.6.3 (Ubuntu/Linaro 4.6.3-1ubuntu5) 
configure:2691: $? = 0
configure:2698: g++ -V >&5
g++: error: unrecognized option '-V'
g++: fatal error: no input files
compilation terminated.
configure:2702: $? = 4
configure:2725: checking for C++ compiler default output file name
configure:2747: g++    conftest.cpp  >&5
configure:2751: $? = 0
configure:2789: result: a.out
configure:2808: checking whether the C++ compiler works
configure:2818: ./a.out
configure:2822: $? = 0
configure:2841: result: yes
configure:2848: checking whether we are cross compiling
configure:2850: result: no
configure:2853: checking for suffix of executables
configure:2860: g++ -o conftest    conftest.cpp  >&5
configure:2864: $? = 0
configure:2890: result: 
configure:2896: checking for suffix of object files
configure:2922: g++ -c   conftest.cpp >&5
configure:2926: $? = 0
configure:2951: result: o
configure:2955: checking whether we are using the GNU C++ compiler
configure:2984: g++ -c   conftest.cpp >&5
configure:2991: $? = 0
configure:3008: result: yes
configure:3017: checking whether g++ accepts -g
configure:3047: g++ -c -g  conftest.cpp >&5
configure:3054: $? = 0
configure:3155: result: yes
configure:3189: checking for style of include used by make
configure:3217: result: GNU
configure:3242: checking dependency style of g++
configure:3333: result: none
configure:3396: checking for gcc
configure:3412: found /usr/bin/gcc
configure:3423: result: gcc
configure:3655: checking for C compiler version
configure:3663: gcc --version >&5
gcc (Ubuntu/Linaro 4.6.3-1ubuntu5) 4.6.3
Copyright (C) 2011 Free Software Foundation, Inc.
This is free software; see the source for copying conditions.  There is NO
warranty; not even for MERCHANTABILITY or FITNESS FOR A PARTICULAR PURPOSE.

configure:3667: $? = 0
configure:3674: gcc -v >&5
Using built-in specs.
COLLECT_GCC=gcc
COLLECT_LTO_WRAPPER=/usr/lib/gcc/x86_64-linux-gnu/4.6/lto-wrapper
Target: x86_64-linux-gnu
Configured with: ../src/configure -v --with-pkgversion='Ubuntu/Linaro 4.6.3-1ubuntu5' --with-bugurl=file:///usr/share/doc/gcc-4.6/README.Bugs --enable-languages=c,c++,fortran,objc,obj-c++ --prefix=/usr --program-suffix=-4.6 --enable-shared --enable-linker-build-id --with-system-zlib --libexecdir=/usr/lib --without-included-gettext --enable-threads=posix --with-gxx-include-dir=/usr/include/c++/4.6 --libdir=/usr/lib --enable-nls --with-sysroot=/ --enable-clocale=gnu --enable-libstdcxx-debug --enable-libstdcxx-time=yes --enable-gnu-unique-object --enable-plugin --enable-objc-gc --disable-werror --with-arch-32=i686 --with-tune=generic --enable-checking=release --build=x86_64-linux-gnu --host=x86_64-linux-gnu --target=x86_64-linux-gnu
Thread model: posix
gcc version 4.6.3 (Ubuntu/Linaro 4.6.3-1ubuntu5) 
configure:3678: $? = 0
configure:3685: gcc -V >&5
gcc: error: unrecognized option '-V'
gcc: fatal error: no input files
compilation terminated.
configure:3689: $? = 4
configure:3692: checking whether we are using the GNU C compiler
configure:3721: gcc -c   conftest.c >&5
configure:3728: $? = 0
configure:3745: result: yes
configure:3754: checking whether gcc accepts -g
configure:3784: gcc -c -g  conftest.c >&5
configure:3791: $? = 0
configure:3892: result: yes
configure:3909: checking for gcc option to accept ISO C89
configure:3983: gcc  -c -g -O2  conftest.c >&5
configure:3990: $? = 0
configure:4013: result: none needed
configure:4033: checking dependency style of gcc
configure:4124: result: none
configure:4144: checking how to run the C preprocessor
configure:4184: gcc -E  conftest.c
configure:4191: $? = 0
configure:4222: gcc -E  conftest.c
conftest.c:10:28: fatal error: ac_nonexistent.h: No such file or directory
compilation terminated.
configure:4229: $? = 1
configure: failed program was:
| /* confdefs.h.  */
| #define PACKAGE_NAME "libpuzzle"
| #define PACKAGE_TARNAME "libpuzzle"
| #define PACKAGE_VERSION "0.11"
| #define PACKAGE_STRING "libpuzzle 0.11"
| #define PACKAGE_BUGREPORT "bugs@pureftpd.org"
| #define PACKAGE "libpuzzle"
| #define VERSION "0.11"
| /* end confdefs.h.  */
| #include <ac_nonexistent.h>
configure:4262: result: gcc -E
configure:4291: gcc -E  conftest.c
configure:4298: $? = 0
configure:4329: gcc -E  conftest.c
conftest.c:10:28: fatal error: ac_nonexistent.h: No such file or directory
compilation terminated.
configure:4336: $? = 1
configure: failed program was:
| /* confdefs.h.  */
| #define PACKAGE_NAME "libpuzzle"
| #define PACKAGE_TARNAME "libpuzzle"
| #define PACKAGE_VERSION "0.11"
| #define PACKAGE_STRING "libpuzzle 0.11"
| #define PACKAGE_BUGREPORT "bugs@pureftpd.org"
| #define PACKAGE "libpuzzle"
| #define VERSION "0.11"
| /* end confdefs.h.  */
| #include <ac_nonexistent.h>
configure:4389: checking for a BSD-compatible install
configure:4457: result: /usr/bin/install -c
configure:4468: checking whether ln -s works
configure:4472: result: yes
configure:4479: checking whether make sets $(MAKE)
configure:4501: result: yes
configure:4512: checking for gdlib-config
configure:4530: found /usr/bin/gdlib-config
configure:4542: result: /usr/bin/gdlib-config
configure:4559: checking for gdImageCreateFromGd2 in -lgd
configure:4594: gcc -o conftest -g -O2  -D_GNU_SOURCE=1 -I/usr/include  -L/usr/lib/x86_64-linux-gnu -L/usr/lib/x86_64-linux-gnu -Wl,-Bsymbolic-functions -Wl,-z,relro conftest.c -lgd   >&5
configure:4601: $? = 0
configure:4622: result: yes
configure:4640: checking for grep that handles long lines and -e
configure:4700: result: /bin/grep
configure:4705: checking for egrep
configure:4769: result: /bin/grep -E
configure:4774: checking for ANSI C header files
configure:4804: gcc -c -g -O2  -D_GNU_SOURCE=1 -I/usr/include conftest.c >&5
configure:4811: $? = 0
configure:4910: gcc -o conftest -g -O2  -D_GNU_SOURCE=1 -I/usr/include  -L/usr/lib/x86_64-linux-gnu -L/usr/lib/x86_64-linux-gnu -Wl,-Bsymbolic-functions -Wl,-z,relro conftest.c -lgd  >&5
configure:4914: $? = 0
configure:4920: ./conftest
configure:4924: $? = 0
configure:4942: result: yes
configure:4983: checking build system type
configure:5001: result: x86_64-unknown-linux-gnu
configure:5023: checking host system type
configure:5038: result: x86_64-unknown-linux-gnu
configure:5060: checking for a sed that does not truncate output
configure:5126: result: /bin/sed
configure:5144: checking for fgrep
configure:5208: result: /bin/grep -F
configure:5243: checking for ld used by gcc
configure:5310: result: /usr/bin/ld
configure:5319: checking if the linker (/usr/bin/ld) is GNU ld
configure:5334: result: yes
configure:5346: checking for BSD- or MS-compatible name lister (nm)
configure:5395: result: /usr/bin/nm -B
configure:5513: checking the name lister (/usr/bin/nm -B) interface
configure:5520: gcc -c -g -O2  -D_GNU_SOURCE=1 -I/usr/include conftest.c >&5
configure:5523: /usr/bin/nm -B "conftest.o"
configure:5526: output
0000000000000000 B some_variable
configure:5533: result: BSD nm
configure:5537: checking the maximum length of command line arguments
configure:5657: result: 1572864
configure:5674: checking whether the shell understands some XSI constructs
configure:5684: result: yes
configure:5688: checking whether the shell understands "+="
configure:5694: result: yes
configure:5729: checking for /usr/bin/ld option to reload object files
configure:5736: result: -r
configure:5805: checking for objdump
configure:5821: found /usr/bin/objdump
configure:5832: result: objdump
configure:5864: checking how to recognize dependent libraries
configure:6060: result: pass_all
configure:6120: checking for ar
configure:6136: found /usr/bin/ar
configure:6147: result: ar
configure:6225: checking for strip
configure:6241: found /usr/bin/strip
configure:6252: result: strip
configure:6324: checking for ranlib
configure:6340: found /usr/bin/ranlib
configure:6351: result: ranlib
configure:6441: checking command to parse /usr/bin/nm -B output from gcc object
configure:6559: gcc -c -g -O2  -D_GNU_SOURCE=1 -I/usr/include conftest.c >&5
configure:6562: $? = 0
configure:6566: /usr/bin/nm -B conftest.o \| sed -n -e 's/^.*[	 ]\([ABCDGIRSTW][ABCDGIRSTW]*\)[	 ][	 ]*\([_A-Za-z][_A-Za-z0-9]*\)$/\1 \2 \2/p' \> conftest.nm
configure:6569: $? = 0
configure:6623: gcc -o conftest -g -O2  -D_GNU_SOURCE=1 -I/usr/include  -L/usr/lib/x86_64-linux-gnu -L/usr/lib/x86_64-linux-gnu -Wl,-Bsymbolic-functions -Wl,-z,relro conftest.c conftstm.o >&5
configure:6626: $? = 0
configure:6664: result: ok
configure:6759: gcc -c -g -O2  -D_GNU_SOURCE=1 -I/usr/include conftest.c >&5
configure:6762: $? = 0
configure:7539: checking for sys/types.h
configure:7560: gcc -c -g -O2  -D_GNU_SOURCE=1 -I/usr/include conftest.c >&5
configure:7567: $? = 0
configure:7584: result: yes
configure:7539: checking for sys/stat.h
configure:7560: gcc -c -g -O2  -D_GNU_SOURCE=1 -I/usr/include conftest.c >&5
configure:7567: $? = 0
configure:7584: result: yes
configure:7539: checking for stdlib.h
configure:7560: gcc -c -g -O2  -D_GNU_SOURCE=1 -I/usr/include conftest.c >&5
configure:7567: $? = 0
configure:7584: result: yes
configure:7539: checking for string.h
configure:7560: gcc -c -g -O2  -D_GNU_SOURCE=1 -I/usr/include conftest.c >&5
configure:7567: $? = 0
configure:7584: result: yes
configure:7539: checking for memory.h
configure:7560: gcc -c -g -O2  -D_GNU_SOURCE=1 -I/usr/include conftest.c >&5
configure:7567: $? = 0
configure:7584: result: yes
configure:7539: checking for strings.h
configure:7560: gcc -c -g -O2  -D_GNU_SOURCE=1 -I/usr/include conftest.c >&5
configure:7567: $? = 0
configure:7584: result: yes
configure:7539: checking for inttypes.h
configure:7560: gcc -c -g -O2  -D_GNU_SOURCE=1 -I/usr/include conftest.c >&5
configure:7567: $? = 0
configure:7584: result: yes
configure:7539: checking for stdint.h
configure:7560: gcc -c -g -O2  -D_GNU_SOURCE=1 -I/usr/include conftest.c >&5
configure:7567: $? = 0
configure:7584: result: yes
configure:7539: checking for unistd.h
configure:7560: gcc -c -g -O2  -D_GNU_SOURCE=1 -I/usr/include conftest.c >&5
configure:7567: $? = 0
configure:7584: result: yes
configure:7602: checking for dlfcn.h
configure:7623: gcc -c -g -O2  -D_GNU_SOURCE=1 -I/usr/include conftest.c >&5
configure:7630: $? = 0
configure:7647: result: yes
configure:7774: checking for C++ compiler version
configure:7782: g++ --version >&5
g++ (Ubuntu/Linaro 4.6.3-1ubuntu5) 4.6.3
Copyright (C) 2011 Free Software Foundation, Inc.
This is free software; see the source for copying conditions.  There is NO
warranty; not even for MERCHANTABILITY or FITNESS FOR A PARTICULAR PURPOSE.

configure:7786: $? = 0
configure:7793: g++ -v >&5
Using built-in specs.
COLLECT_GCC=g++
COLLECT_LTO_WRAPPER=/usr/lib/gcc/x86_64-linux-gnu/4.6/lto-wrapper
Target: x86_64-linux-gnu
Configured with: ../src/configure -v --with-pkgversion='Ubuntu/Linaro 4.6.3-1ubuntu5' --with-bugurl=file:///usr/share/doc/gcc-4.6/README.Bugs --enable-languages=c,c++,fortran,objc,obj-c++ --prefix=/usr --program-suffix=-4.6 --enable-shared --enable-linker-build-id --with-system-zlib --libexecdir=/usr/lib --without-included-gettext --enable-threads=posix --with-gxx-include-dir=/usr/include/c++/4.6 --libdir=/usr/lib --enable-nls --with-sysroot=/ --enable-clocale=gnu --enable-libstdcxx-debug --enable-libstdcxx-time=yes --enable-gnu-unique-object --enable-plugin --enable-objc-gc --disable-werror --with-arch-32=i686 --with-tune=generic --enable-checking=release --build=x86_64-linux-gnu --host=x86_64-linux-gnu --target=x86_64-linux-gnu
Thread model: posix
gcc version 4.6.3 (Ubuntu/Linaro 4.6.3-1ubuntu5) 
configure:7797: $? = 0
configure:7804: g++ -V >&5
g++: error: unrecognized option '-V'
g++: fatal error: no input files
compilation terminated.
configure:7808: $? = 4
configure:7811: checking whether we are using the GNU C++ compiler
configure:7864: result: yes
configure:7873: checking whether g++ accepts -g
configure:8011: result: yes
configure:8036: checking dependency style of g++
configure:8127: result: none
configure:8150: checking how to run the C++ preprocessor
configure:8186: g++ -E  -D_GNU_SOURCE=1 -I/usr/include conftest.cpp
configure:8193: $? = 0
configure:8224: g++ -E  -D_GNU_SOURCE=1 -I/usr/include conftest.cpp
conftest.cpp:22:28: fatal error: ac_nonexistent.h: No such file or directory
compilation terminated.
configure:8231: $? = 1
configure: failed program was:
| /* confdefs.h.  */
| #define PACKAGE_NAME "libpuzzle"
| #define PACKAGE_TARNAME "libpuzzle"
| #define PACKAGE_VERSION "0.11"
| #define PACKAGE_STRING "libpuzzle 0.11"
| #define PACKAGE_BUGREPORT "bugs@pureftpd.org"
| #define PACKAGE "libpuzzle"
| #define VERSION "0.11"
| #define HAVE_LIBGD 1
| #define STDC_HEADERS 1
| #define HAVE_SYS_TYPES_H 1
| #define HAVE_SYS_STAT_H 1
| #define HAVE_STDLIB_H 1
| #define HAVE_STRING_H 1
| #define HAVE_MEMORY_H 1
| #define HAVE_STRINGS_H 1
| #define HAVE_INTTYPES_H 1
| #define HAVE_STDINT_H 1
| #define HAVE_UNISTD_H 1
| #define HAVE_DLFCN_H 1
| /* end confdefs.h.  */
| #include <ac_nonexistent.h>
configure:8264: result: g++ -E
configure:8293: g++ -E  -D_GNU_SOURCE=1 -I/usr/include conftest.cpp
configure:8300: $? = 0
configure:8331: g++ -E  -D_GNU_SOURCE=1 -I/usr/include conftest.cpp
conftest.cpp:22:28: fatal error: ac_nonexistent.h: No such file or directory
compilation terminated.
configure:8338: $? = 1
configure: failed program was:
| /* confdefs.h.  */
| #define PACKAGE_NAME "libpuzzle"
| #define PACKAGE_TARNAME "libpuzzle"
| #define PACKAGE_VERSION "0.11"
| #define PACKAGE_STRING "libpuzzle 0.11"
| #define PACKAGE_BUGREPORT "bugs@pureftpd.org"
| #define PACKAGE "libpuzzle"
| #define VERSION "0.11"
| #define HAVE_LIBGD 1
| #define STDC_HEADERS 1
| #define HAVE_SYS_TYPES_H 1
| #define HAVE_SYS_STAT_H 1
| #define HAVE_STDLIB_H 1
| #define HAVE_STRING_H 1
| #define HAVE_MEMORY_H 1
| #define HAVE_STRINGS_H 1
| #define HAVE_INTTYPES_H 1
| #define HAVE_STDINT_H 1
| #define HAVE_UNISTD_H 1
| #define HAVE_DLFCN_H 1
| /* end confdefs.h.  */
| #include <ac_nonexistent.h>
configure:8552: checking for objdir
configure:8567: result: .libs
configure:8859: checking if gcc supports -fno-rtti -fno-exceptions
configure:8877: gcc -c -g -O2  -D_GNU_SOURCE=1 -I/usr/include -fno-rtti -fno-exceptions conftest.c >&5
cc1: warning: command line option '-fno-rtti' is valid for C++/ObjC++ but not for C [enabled by default]
configure:8881: $? = 0
configure:8894: result: no
configure:8914: checking for gcc option to produce PIC
configure:9186: result: -fPIC -DPIC
configure:9198: checking if gcc PIC flag -fPIC -DPIC works
configure:9216: gcc -c -g -O2  -D_GNU_SOURCE=1 -I/usr/include -fPIC -DPIC -DPIC conftest.c >&5
configure:9220: $? = 0
configure:9233: result: yes
configure:9257: checking if gcc static flag -static works
configure:9285: result: yes
configure:9300: checking if gcc supports -c -o file.o
configure:9321: gcc -c -g -O2  -D_GNU_SOURCE=1 -I/usr/include -o out/conftest2.o conftest.c >&5
configure:9325: $? = 0
configure:9347: result: yes
configure:9355: checking if gcc supports -c -o file.o
configure:9402: result: yes
configure:9435: checking whether the gcc linker (/usr/bin/ld -m elf_x86_64) supports shared libraries
configure:10509: result: yes
configure:10546: checking whether -lc should be explicitly linked in
configure:10551: gcc -c -g -O2  -D_GNU_SOURCE=1 -I/usr/include conftest.c >&5
configure:10554: $? = 0
configure:10569: gcc -shared conftest.o  -v -Wl,-soname -Wl,conftest -o conftest 2\>\&1 \| /bin/grep  -lc  \>/dev/null 2\>\&1
configure:10572: $? = 0
configure:10584: result: no
configure:10748: checking dynamic linker characteristics
configure:11191: gcc -o conftest -g -O2  -D_GNU_SOURCE=1 -I/usr/include  -L/usr/lib/x86_64-linux-gnu -L/usr/lib/x86_64-linux-gnu -Wl,-Bsymbolic-functions -Wl,-z,relro -Wl,-rpath -Wl,/foo conftest.c -lgd  >&5
configure:11198: $? = 0
configure:11431: result: GNU/Linux ld.so
configure:11533: checking how to hardcode library paths into programs
configure:11558: result: immediate
configure:12391: checking whether stripping libraries is possible
configure:12396: result: yes
configure:12431: checking if libtool supports shared libraries
configure:12433: result: yes
configure:12436: checking whether to build shared libraries
configure:12457: result: yes
configure:12460: checking whether to build static libraries
configure:12464: result: yes
configure:12614: checking for ld used by g++
configure:12681: result: /usr/bin/ld -m elf_x86_64
configure:12690: checking if the linker (/usr/bin/ld -m elf_x86_64) is GNU ld
configure:12705: result: yes
configure:12760: checking whether the g++ linker (/usr/bin/ld -m elf_x86_64) supports shared libraries
configure:13735: result: yes
configure:13763: g++ -c -g -O2  -D_GNU_SOURCE=1 -I/usr/include conftest.cpp >&5
configure:13766: $? = 0
configure:13948: checking for g++ option to produce PIC
configure:14265: result: -fPIC -DPIC
configure:14274: checking if g++ PIC flag -fPIC -DPIC works
configure:14292: g++ -c -g -O2  -D_GNU_SOURCE=1 -I/usr/include -fPIC -DPIC -DPIC conftest.cpp >&5
configure:14296: $? = 0
configure:14309: result: yes
configure:14330: checking if g++ static flag -static works
configure:14358: result: yes
configure:14370: checking if g++ supports -c -o file.o
configure:14391: g++ -c -g -O2  -D_GNU_SOURCE=1 -I/usr/include -o out/conftest2.o conftest.cpp >&5
configure:14395: $? = 0
configure:14417: result: yes
configure:14422: checking if g++ supports -c -o file.o
configure:14469: result: yes
configure:14499: checking whether the g++ linker (/usr/bin/ld -m elf_x86_64) supports shared libraries
configure:14525: result: yes
configure:14662: checking dynamic linker characteristics
configure:15053: g++ -o conftest -g -O2  -D_GNU_SOURCE=1 -I/usr/include  -L/usr/lib/x86_64-linux-gnu -L/usr/lib/x86_64-linux-gnu -Wl,-Bsymbolic-functions -Wl,-z,relro -Wl,-rpath -Wl,/foo conftest.cpp -lgd  >&5
configure:15060: $? = 0
configure:15293: result: GNU/Linux ld.so
configure:15344: checking how to hardcode library paths into programs
configure:15369: result: immediate
configure:15448: checking limits.h usability
configure:15465: gcc -c -g -O2  -D_GNU_SOURCE=1 -I/usr/include conftest.c >&5
configure:15472: $? = 0
configure:15486: result: yes
configure:15490: checking limits.h presence
configure:15505: gcc -E  -D_GNU_SOURCE=1 -I/usr/include conftest.c
configure:15512: $? = 0
configure:15526: result: yes
configure:15559: checking for limits.h
configure:15568: result: yes
configure:15437: checking for memory.h
configure:15444: result: yes
configure:15448: checking stddef.h usability
configure:15465: gcc -c -g -O2  -D_GNU_SOURCE=1 -I/usr/include conftest.c >&5
configure:15472: $? = 0
configure:15486: result: yes
configure:15490: checking stddef.h presence
configure:15505: gcc -E  -D_GNU_SOURCE=1 -I/usr/include conftest.c
configure:15512: $? = 0
configure:15526: result: yes
configure:15559: checking for stddef.h
configure:15568: result: yes
configure:15437: checking for stdlib.h
configure:15444: result: yes
configure:15437: checking for string.h
configure:15444: result: yes
configure:15437: checking for unistd.h
configure:15444: result: yes
configure:15585: checking for an ANSI C-conforming const
configure:15660: gcc -c -g -O2  -D_GNU_SOURCE=1 -I/usr/include conftest.c >&5
configure:15667: $? = 0
configure:15682: result: yes
configure:15692: checking for size_t
configure:15720: gcc -c -g -O2  -D_GNU_SOURCE=1 -I/usr/include conftest.c >&5
configure:15727: $? = 0
configure:15754: gcc -c -g -O2  -D_GNU_SOURCE=1 -I/usr/include conftest.c >&5
conftest.c: In function 'main':
conftest.c:65:21: error: expected expression before ')' token
configure:15761: $? = 1
configure: failed program was:
| /* confdefs.h.  */
| #define PACKAGE_NAME "libpuzzle"
| #define PACKAGE_TARNAME "libpuzzle"
| #define PACKAGE_VERSION "0.11"
| #define PACKAGE_STRING "libpuzzle 0.11"
| #define PACKAGE_BUGREPORT "bugs@pureftpd.org"
| #define PACKAGE "libpuzzle"
| #define VERSION "0.11"
| #define HAVE_LIBGD 1
| #define STDC_HEADERS 1
| #define HAVE_SYS_TYPES_H 1
| #define HAVE_SYS_STAT_H 1
| #define HAVE_STDLIB_H 1
| #define HAVE_STRING_H 1
| #define HAVE_MEMORY_H 1
| #define HAVE_STRINGS_H 1
| #define HAVE_INTTYPES_H 1
| #define HAVE_STDINT_H 1
| #define HAVE_UNISTD_H 1
| #define HAVE_DLFCN_H 1
| #define LT_OBJDIR ".libs/"
| #define HAVE_LIMITS_H 1
| #define HAVE_MEMORY_H 1
| #define HAVE_STDDEF_H 1
| #define HAVE_STDLIB_H 1
| #define HAVE_STRING_H 1
| #define HAVE_UNISTD_H 1
| /* end confdefs.h.  */
| #include <stdio.h>
| #ifdef HAVE_SYS_TYPES_H
| # include <sys/types.h>
| #endif
| #ifdef HAVE_SYS_STAT_H
| # include <sys/stat.h>
| #endif
| #ifdef STDC_HEADERS
| # include <stdlib.h>
| # include <stddef.h>
| #else
| # ifdef HAVE_STDLIB_H
| #  include <stdlib.h>
| # endif
| #endif
| #ifdef HAVE_STRING_H
| # if !defined STDC_HEADERS && defined HAVE_MEMORY_H
| #  include <memory.h>
| # endif
| # include <string.h>
| #endif
| #ifdef HAVE_STRINGS_H
| # include <strings.h>
| #endif
| #ifdef HAVE_INTTYPES_H
| # include <inttypes.h>
| #endif
| #ifdef HAVE_STDINT_H
| # include <stdint.h>
| #endif
| #ifdef HAVE_UNISTD_H
| # include <unistd.h>
| #endif
| int
| main ()
| {
| if (sizeof ((size_t)))
| 	  return 0;
|   ;
|   return 0;
| }
configure:15784: result: yes
configure:15796: checking for ssize_t
configure:15824: gcc -c -g -O2  -D_GNU_SOURCE=1 -I/usr/include conftest.c >&5
configure:15831: $? = 0
configure:15858: gcc -c -g -O2  -D_GNU_SOURCE=1 -I/usr/include conftest.c >&5
conftest.c: In function 'main':
conftest.c:65:22: error: expected expression before ')' token
configure:15865: $? = 1
configure: failed program was:
| /* confdefs.h.  */
| #define PACKAGE_NAME "libpuzzle"
| #define PACKAGE_TARNAME "libpuzzle"
| #define PACKAGE_VERSION "0.11"
| #define PACKAGE_STRING "libpuzzle 0.11"
| #define PACKAGE_BUGREPORT "bugs@pureftpd.org"
| #define PACKAGE "libpuzzle"
| #define VERSION "0.11"
| #define HAVE_LIBGD 1
| #define STDC_HEADERS 1
| #define HAVE_SYS_TYPES_H 1
| #define HAVE_SYS_STAT_H 1
| #define HAVE_STDLIB_H 1
| #define HAVE_STRING_H 1
| #define HAVE_MEMORY_H 1
| #define HAVE_STRINGS_H 1
| #define HAVE_INTTYPES_H 1
| #define HAVE_STDINT_H 1
| #define HAVE_UNISTD_H 1
| #define HAVE_DLFCN_H 1
| #define LT_OBJDIR ".libs/"
| #define HAVE_LIMITS_H 1
| #define HAVE_MEMORY_H 1
| #define HAVE_STDDEF_H 1
| #define HAVE_STDLIB_H 1
| #define HAVE_STRING_H 1
| #define HAVE_UNISTD_H 1
| /* end confdefs.h.  */
| #include <stdio.h>
| #ifdef HAVE_SYS_TYPES_H
| # include <sys/types.h>
| #endif
| #ifdef HAVE_SYS_STAT_H
| # include <sys/stat.h>
| #endif
| #ifdef STDC_HEADERS
| # include <stdlib.h>
| # include <stddef.h>
| #else
| # ifdef HAVE_STDLIB_H
| #  include <stdlib.h>
| # endif
| #endif
| #ifdef HAVE_STRING_H
| # if !defined STDC_HEADERS && defined HAVE_MEMORY_H
| #  include <memory.h>
| # endif
| # include <string.h>
| #endif
| #ifdef HAVE_STRINGS_H
| # include <strings.h>
| #endif
| #ifdef HAVE_INTTYPES_H
| # include <inttypes.h>
| #endif
| #ifdef HAVE_STDINT_H
| # include <stdint.h>
| #endif
| #ifdef HAVE_UNISTD_H
| # include <unistd.h>
| #endif
| int
| main ()
| {
| if (sizeof ((ssize_t)))
| 	  return 0;
|   ;
|   return 0;
| }
configure:15888: result: yes
configure:15900: checking for off_t
configure:15928: gcc -c -g -O2  -D_GNU_SOURCE=1 -I/usr/include conftest.c >&5
configure:15935: $? = 0
configure:15962: gcc -c -g -O2  -D_GNU_SOURCE=1 -I/usr/include conftest.c >&5
conftest.c: In function 'main':
conftest.c:65:20: error: expected expression before ')' token
configure:15969: $? = 1
configure: failed program was:
| /* confdefs.h.  */
| #define PACKAGE_NAME "libpuzzle"
| #define PACKAGE_TARNAME "libpuzzle"
| #define PACKAGE_VERSION "0.11"
| #define PACKAGE_STRING "libpuzzle 0.11"
| #define PACKAGE_BUGREPORT "bugs@pureftpd.org"
| #define PACKAGE "libpuzzle"
| #define VERSION "0.11"
| #define HAVE_LIBGD 1
| #define STDC_HEADERS 1
| #define HAVE_SYS_TYPES_H 1
| #define HAVE_SYS_STAT_H 1
| #define HAVE_STDLIB_H 1
| #define HAVE_STRING_H 1
| #define HAVE_MEMORY_H 1
| #define HAVE_STRINGS_H 1
| #define HAVE_INTTYPES_H 1
| #define HAVE_STDINT_H 1
| #define HAVE_UNISTD_H 1
| #define HAVE_DLFCN_H 1
| #define LT_OBJDIR ".libs/"
| #define HAVE_LIMITS_H 1
| #define HAVE_MEMORY_H 1
| #define HAVE_STDDEF_H 1
| #define HAVE_STDLIB_H 1
| #define HAVE_STRING_H 1
| #define HAVE_UNISTD_H 1
| /* end confdefs.h.  */
| #include <stdio.h>
| #ifdef HAVE_SYS_TYPES_H
| # include <sys/types.h>
| #endif
| #ifdef HAVE_SYS_STAT_H
| # include <sys/stat.h>
| #endif
| #ifdef STDC_HEADERS
| # include <stdlib.h>
| # include <stddef.h>
| #else
| # ifdef HAVE_STDLIB_H
| #  include <stdlib.h>
| # endif
| #endif
| #ifdef HAVE_STRING_H
| # if !defined STDC_HEADERS && defined HAVE_MEMORY_H
| #  include <memory.h>
| # endif
| # include <string.h>
| #endif
| #ifdef HAVE_STRINGS_H
| # include <strings.h>
| #endif
| #ifdef HAVE_INTTYPES_H
| # include <inttypes.h>
| #endif
| #ifdef HAVE_STDINT_H
| # include <stdint.h>
| #endif
| #ifdef HAVE_UNISTD_H
| # include <unistd.h>
| #endif
| int
| main ()
| {
| if (sizeof ((off_t)))
| 	  return 0;
|   ;
|   return 0;
| }
configure:15992: result: yes
configure:16011: checking for stdlib.h
configure:16018: result: yes
configure:16157: checking for GNU libc compatible malloc
configure:16191: gcc -o conftest -g -O2  -D_GNU_SOURCE=1 -I/usr/include  -L/usr/lib/x86_64-linux-gnu -L/usr/lib/x86_64-linux-gnu -Wl,-Bsymbolic-functions -Wl,-z,relro conftest.c -lgd  >&5
configure:16195: $? = 0
configure:16201: ./conftest
configure:16205: $? = 0
configure:16222: result: yes
configure:16255: checking for stdlib.h
configure:16262: result: yes
configure:16401: checking for GNU libc compatible realloc
configure:16435: gcc -o conftest -g -O2  -D_GNU_SOURCE=1 -I/usr/include  -L/usr/lib/x86_64-linux-gnu -L/usr/lib/x86_64-linux-gnu -Wl,-Bsymbolic-functions -Wl,-z,relro conftest.c -lgd  >&5
configure:16439: $? = 0
configure:16445: ./conftest
configure:16449: $? = 0
configure:16466: result: yes
configure:16494: checking for working memcmp
configure:16547: gcc -o conftest -g -O2  -D_GNU_SOURCE=1 -I/usr/include  -L/usr/lib/x86_64-linux-gnu -L/usr/lib/x86_64-linux-gnu -Wl,-Bsymbolic-functions -Wl,-z,relro conftest.c -lgd  >&5
configure:16551: $? = 0
configure:16557: ./conftest
configure:16561: $? = 0
configure:16578: result: yes
configure:16587: checking for floor
configure:16643: gcc -o conftest -g -O2  -D_GNU_SOURCE=1 -I/usr/include  -L/usr/lib/x86_64-linux-gnu -L/usr/lib/x86_64-linux-gnu -Wl,-Bsymbolic-functions -Wl,-z,relro conftest.c -lgd  >&5
conftest.c:56:6: warning: conflicting types for built-in function 'floor' [enabled by default]
/tmp/ccg5TpyS.o: In function `main':
/home/danno/DevStuff/libpuzzle-0.11/conftest.c:67: undefined reference to `floor'
collect2: ld returned 1 exit status
configure:16650: $? = 1
configure: failed program was:
| /* confdefs.h.  */
| #define PACKAGE_NAME "libpuzzle"
| #define PACKAGE_TARNAME "libpuzzle"
| #define PACKAGE_VERSION "0.11"
| #define PACKAGE_STRING "libpuzzle 0.11"
| #define PACKAGE_BUGREPORT "bugs@pureftpd.org"
| #define PACKAGE "libpuzzle"
| #define VERSION "0.11"
| #define HAVE_LIBGD 1
| #define STDC_HEADERS 1
| #define HAVE_SYS_TYPES_H 1
| #define HAVE_SYS_STAT_H 1
| #define HAVE_STDLIB_H 1
| #define HAVE_STRING_H 1
| #define HAVE_MEMORY_H 1
| #define HAVE_STRINGS_H 1
| #define HAVE_INTTYPES_H 1
| #define HAVE_STDINT_H 1
| #define HAVE_UNISTD_H 1
| #define HAVE_DLFCN_H 1
| #define LT_OBJDIR ".libs/"
| #define HAVE_LIMITS_H 1
| #define HAVE_MEMORY_H 1
| #define HAVE_STDDEF_H 1
| #define HAVE_STDLIB_H 1
| #define HAVE_STRING_H 1
| #define HAVE_UNISTD_H 1
| #define HAVE_STDLIB_H 1
| #define HAVE_MALLOC 1
| #define HAVE_STDLIB_H 1
| #define HAVE_REALLOC 1
| /* end confdefs.h.  */
| /* Define floor to an innocuous variant, in case <limits.h> declares floor.
|    For example, HP-UX 11i <limits.h> declares gettimeofday.  */
| #define floor innocuous_floor
| 
| /* System header to define __stub macros and hopefully few prototypes,
|     which can conflict with char floor (); below.
|     Prefer <limits.h> to <assert.h> if __STDC__ is defined, since
|     <limits.h> exists even on freestanding compilers.  */
| 
| #ifdef __STDC__
| # include <limits.h>
| #else
| # include <assert.h>
| #endif
| 
| #undef floor
| 
| /* Override any GCC internal prototype to avoid an error.
|    Use char because int might match the return type of a GCC
|    builtin and then its argument prototype would still apply.  */
| #ifdef __cplusplus
| extern "C"
| #endif
| char floor ();
| /* The GNU C library defines this for functions which it implements
|     to always fail with ENOSYS.  Some functions are actually named
|     something starting with __ and the normal name is an alias.  */
| #if defined __stub_floor || defined __stub___floor
| choke me
| #endif
| 
| int
| main ()
| {
| return floor ();
|   ;
|   return 0;
| }
configure:16670: result: no
configure:16676: checking for floor in -lmath
configure:16711: gcc -o conftest -g -O2  -D_GNU_SOURCE=1 -I/usr/include  -L/usr/lib/x86_64-linux-gnu -L/usr/lib/x86_64-linux-gnu -Wl,-Bsymbolic-functions -Wl,-z,relro conftest.c -lmath  -lgd  >&5
conftest.c:40:6: warning: conflicting types for built-in function 'floor' [enabled by default]
/usr/bin/ld: cannot find -lmath
collect2: ld returned 1 exit status
configure:16718: $? = 1
configure: failed program was:
| /* confdefs.h.  */
| #define PACKAGE_NAME "libpuzzle"
| #define PACKAGE_TARNAME "libpuzzle"
| #define PACKAGE_VERSION "0.11"
| #define PACKAGE_STRING "libpuzzle 0.11"
| #define PACKAGE_BUGREPORT "bugs@pureftpd.org"
| #define PACKAGE "libpuzzle"
| #define VERSION "0.11"
| #define HAVE_LIBGD 1
| #define STDC_HEADERS 1
| #define HAVE_SYS_TYPES_H 1
| #define HAVE_SYS_STAT_H 1
| #define HAVE_STDLIB_H 1
| #define HAVE_STRING_H 1
| #define HAVE_MEMORY_H 1
| #define HAVE_STRINGS_H 1
| #define HAVE_INTTYPES_H 1
| #define HAVE_STDINT_H 1
| #define HAVE_UNISTD_H 1
| #define HAVE_DLFCN_H 1
| #define LT_OBJDIR ".libs/"
| #define HAVE_LIMITS_H 1
| #define HAVE_MEMORY_H 1
| #define HAVE_STDDEF_H 1
| #define HAVE_STDLIB_H 1
| #define HAVE_STRING_H 1
| #define HAVE_UNISTD_H 1
| #define HAVE_STDLIB_H 1
| #define HAVE_MALLOC 1
| #define HAVE_STDLIB_H 1
| #define HAVE_REALLOC 1
| /* end confdefs.h.  */
| 
| /* Override any GCC internal prototype to avoid an error.
|    Use char because int might match the return type of a GCC
|    builtin and then its argument prototype would still apply.  */
| #ifdef __cplusplus
| extern "C"
| #endif
| char floor ();
| int
| main ()
| {
| return floor ();
|   ;
|   return 0;
| }
configure:16739: result: no
configure:16752: checking for round
configure:16808: gcc -o conftest -g -O2  -D_GNU_SOURCE=1 -I/usr/include  -L/usr/lib/x86_64-linux-gnu -L/usr/lib/x86_64-linux-gnu -Wl,-Bsymbolic-functions -Wl,-z,relro conftest.c -lgd  >&5
conftest.c:56:6: warning: conflicting types for built-in function 'round' [enabled by default]
/tmp/cc4Tjgm2.o: In function `main':
/home/danno/DevStuff/libpuzzle-0.11/conftest.c:67: undefined reference to `round'
collect2: ld returned 1 exit status
configure:16815: $? = 1
configure: failed program was:
| /* confdefs.h.  */
| #define PACKAGE_NAME "libpuzzle"
| #define PACKAGE_TARNAME "libpuzzle"
| #define PACKAGE_VERSION "0.11"
| #define PACKAGE_STRING "libpuzzle 0.11"
| #define PACKAGE_BUGREPORT "bugs@pureftpd.org"
| #define PACKAGE "libpuzzle"
| #define VERSION "0.11"
| #define HAVE_LIBGD 1
| #define STDC_HEADERS 1
| #define HAVE_SYS_TYPES_H 1
| #define HAVE_SYS_STAT_H 1
| #define HAVE_STDLIB_H 1
| #define HAVE_STRING_H 1
| #define HAVE_MEMORY_H 1
| #define HAVE_STRINGS_H 1
| #define HAVE_INTTYPES_H 1
| #define HAVE_STDINT_H 1
| #define HAVE_UNISTD_H 1
| #define HAVE_DLFCN_H 1
| #define LT_OBJDIR ".libs/"
| #define HAVE_LIMITS_H 1
| #define HAVE_MEMORY_H 1
| #define HAVE_STDDEF_H 1
| #define HAVE_STDLIB_H 1
| #define HAVE_STRING_H 1
| #define HAVE_UNISTD_H 1
| #define HAVE_STDLIB_H 1
| #define HAVE_MALLOC 1
| #define HAVE_STDLIB_H 1
| #define HAVE_REALLOC 1
| /* end confdefs.h.  */
| /* Define round to an innocuous variant, in case <limits.h> declares round.
|    For example, HP-UX 11i <limits.h> declares gettimeofday.  */
| #define round innocuous_round
| 
| /* System header to define __stub macros and hopefully few prototypes,
|     which can conflict with char round (); below.
|     Prefer <limits.h> to <assert.h> if __STDC__ is defined, since
|     <limits.h> exists even on freestanding compilers.  */
| 
| #ifdef __STDC__
| # include <limits.h>
| #else
| # include <assert.h>
| #endif
| 
| #undef round
| 
| /* Override any GCC internal prototype to avoid an error.
|    Use char because int might match the return type of a GCC
|    builtin and then its argument prototype would still apply.  */
| #ifdef __cplusplus
| extern "C"
| #endif
| char round ();
| /* The GNU C library defines this for functions which it implements
|     to always fail with ENOSYS.  Some functions are actually named
|     something starting with __ and the normal name is an alias.  */
| #if defined __stub_round || defined __stub___round
| choke me
| #endif
| 
| int
| main ()
| {
| return round ();
|   ;
|   return 0;
| }
configure:16835: result: no
configure:16841: checking for round in -lmath
configure:16876: gcc -o conftest -g -O2  -D_GNU_SOURCE=1 -I/usr/include  -L/usr/lib/x86_64-linux-gnu -L/usr/lib/x86_64-linux-gnu -Wl,-Bsymbolic-functions -Wl,-z,relro conftest.c -lmath  -lgd  >&5
conftest.c:40:6: warning: conflicting types for built-in function 'round' [enabled by default]
/usr/bin/ld: cannot find -lmath
collect2: ld returned 1 exit status
configure:16883: $? = 1
configure: failed program was:
| /* confdefs.h.  */
| #define PACKAGE_NAME "libpuzzle"
| #define PACKAGE_TARNAME "libpuzzle"
| #define PACKAGE_VERSION "0.11"
| #define PACKAGE_STRING "libpuzzle 0.11"
| #define PACKAGE_BUGREPORT "bugs@pureftpd.org"
| #define PACKAGE "libpuzzle"
| #define VERSION "0.11"
| #define HAVE_LIBGD 1
| #define STDC_HEADERS 1
| #define HAVE_SYS_TYPES_H 1
| #define HAVE_SYS_STAT_H 1
| #define HAVE_STDLIB_H 1
| #define HAVE_STRING_H 1
| #define HAVE_MEMORY_H 1
| #define HAVE_STRINGS_H 1
| #define HAVE_INTTYPES_H 1
| #define HAVE_STDINT_H 1
| #define HAVE_UNISTD_H 1
| #define HAVE_DLFCN_H 1
| #define LT_OBJDIR ".libs/"
| #define HAVE_LIMITS_H 1
| #define HAVE_MEMORY_H 1
| #define HAVE_STDDEF_H 1
| #define HAVE_STDLIB_H 1
| #define HAVE_STRING_H 1
| #define HAVE_UNISTD_H 1
| #define HAVE_STDLIB_H 1
| #define HAVE_MALLOC 1
| #define HAVE_STDLIB_H 1
| #define HAVE_REALLOC 1
| /* end confdefs.h.  */
| 
| /* Override any GCC internal prototype to avoid an error.
|    Use char because int might match the return type of a GCC
|    builtin and then its argument prototype would still apply.  */
| #ifdef __cplusplus
| extern "C"
| #endif
| char round ();
| int
| main ()
| {
| return round ();
|   ;
|   return 0;
| }
configure:16904: result: no
configure:16921: checking for strtoul
configure:16977: gcc -o conftest -g -O2  -D_GNU_SOURCE=1 -I/usr/include  -L/usr/lib/x86_64-linux-gnu -L/usr/lib/x86_64-linux-gnu -Wl,-Bsymbolic-functions -Wl,-z,relro conftest.c -lgd  >&5
configure:16984: $? = 0
configure:17006: result: yes
configure:17160: creating ./config.status

## ---------------------- ##
## Running config.status. ##
## ---------------------- ##

This file was extended by libpuzzle config.status 0.11, which was
generated by GNU Autoconf 2.63.  Invocation command line was

  CONFIG_FILES    = 
  CONFIG_HEADERS  = 
  CONFIG_LINKS    = 
  CONFIG_COMMANDS = 
  $ ./config.status 

on ubuntu

config.status:1071: creating Makefile
config.status:1071: creating man/Makefile
config.status:1071: creating src/Makefile
config.status:1071: creating src/pics/Makefile
config.status:1071: creating php/Makefile
config.status:1071: creating php/libpuzzle/Makefile
config.status:1071: creating php/libpuzzle/include/Makefile
config.status:1071: creating php/libpuzzle/modules/Makefile
config.status:1071: creating php/libpuzzle/build/Makefile
config.status:1071: creating php/libpuzzle/tests/Makefile
config.status:1071: creating php/libpuzzle/tests/pics/Makefile
config.status:1071: creating php/examples/Makefile
config.status:1071: creating php/examples/similar/Makefile
config.status:1071: creating config.h
config.status:1293: config.h is unchanged
config.status:1345: executing depfiles commands
config.status:1345: executing libtool commands
configure:19661: +-------------------------------------------------------+
configure:19663: | You can subscribe to the Libpuzzle users mailing-list |
configure:19665: | to ask for help and to stay informed of new releases. |
configure:19667: | Go to http://libpuzzle.pureftpd.org/ml/ now!          |
configure:19669: +-------------------------------------------------------+

## ---------------- ##
## Cache variables. ##
## ---------------- ##

ac_cv_build=x86_64-unknown-linux-gnu
ac_cv_c_compiler_gnu=yes
ac_cv_c_const=yes
ac_cv_cxx_compiler_gnu=yes
ac_cv_env_CCC_set=
ac_cv_env_CCC_value=
ac_cv_env_CC_set=
ac_cv_env_CC_value=
ac_cv_env_CFLAGS_set=
ac_cv_env_CFLAGS_value=
ac_cv_env_CPPFLAGS_set=
ac_cv_env_CPPFLAGS_value=
ac_cv_env_CPP_set=
ac_cv_env_CPP_value=
ac_cv_env_CXXCPP_set=
ac_cv_env_CXXCPP_value=
ac_cv_env_CXXFLAGS_set=
ac_cv_env_CXXFLAGS_value=
ac_cv_env_CXX_set=
ac_cv_env_CXX_value=
ac_cv_env_LDFLAGS_set=
ac_cv_env_LDFLAGS_value=
ac_cv_env_LIBS_set=
ac_cv_env_LIBS_value=
ac_cv_env_build_alias_set=
ac_cv_env_build_alias_value=
ac_cv_env_host_alias_set=
ac_cv_env_host_alias_value=
ac_cv_env_target_alias_set=
ac_cv_env_target_alias_value=
ac_cv_func_floor=no
ac_cv_func_malloc_0_nonnull=yes
ac_cv_func_memcmp_working=yes
ac_cv_func_realloc_0_nonnull=yes
ac_cv_func_round=no
ac_cv_func_strtoul=yes
ac_cv_header_dlfcn_h=yes
ac_cv_header_inttypes_h=yes
ac_cv_header_limits_h=yes
ac_cv_header_memory_h=yes
ac_cv_header_stdc=yes
ac_cv_header_stddef_h=yes
ac_cv_header_stdint_h=yes
ac_cv_header_stdlib_h=yes
ac_cv_header_string_h=yes
ac_cv_header_strings_h=yes
ac_cv_header_sys_stat_h=yes
ac_cv_header_sys_types_h=yes
ac_cv_header_unistd_h=yes
ac_cv_host=x86_64-unknown-linux-gnu
ac_cv_lib_gd_gdImageCreateFromGd2=yes
ac_cv_lib_math_floor=no
ac_cv_lib_math_round=no
ac_cv_objext=o
ac_cv_path_EGREP='/bin/grep -E'
ac_cv_path_FGREP='/bin/grep -F'
ac_cv_path_GDLIBCONFIG=/usr/bin/gdlib-config
ac_cv_path_GREP=/bin/grep
ac_cv_path_SED=/bin/sed
ac_cv_path_install='/usr/bin/install -c'
ac_cv_path_mkdir=/bin/mkdir
ac_cv_prog_AWK=mawk
ac_cv_prog_CPP='gcc -E'
ac_cv_prog_CXXCPP='g++ -E'
ac_cv_prog_ac_ct_AR=ar
ac_cv_prog_ac_ct_CC=gcc
ac_cv_prog_ac_ct_CXX=g++
ac_cv_prog_ac_ct_OBJDUMP=objdump
ac_cv_prog_ac_ct_RANLIB=ranlib
ac_cv_prog_ac_ct_STRIP=strip
ac_cv_prog_cc_c89=
ac_cv_prog_cc_g=yes
ac_cv_prog_cxx_g=yes
ac_cv_prog_make_make_set=yes
ac_cv_type_off_t=yes
ac_cv_type_size_t=yes
ac_cv_type_ssize_t=yes
am_cv_CC_dependencies_compiler_type=none
am_cv_CXX_dependencies_compiler_type=none
lt_cv_deplibs_check_method=pass_all
lt_cv_file_magic_cmd='$MAGIC_CMD'
lt_cv_file_magic_test_file=
lt_cv_ld_reload_flag=-r
lt_cv_nm_interface='BSD nm'
lt_cv_objdir=.libs
lt_cv_path_LD=/usr/bin/ld
lt_cv_path_LDCXX='/usr/bin/ld -m elf_x86_64'
lt_cv_path_NM='/usr/bin/nm -B'
lt_cv_prog_compiler_c_o=yes
lt_cv_prog_compiler_c_o_CXX=yes
lt_cv_prog_compiler_pic_works=yes
lt_cv_prog_compiler_pic_works_CXX=yes
lt_cv_prog_compiler_rtti_exceptions=no
lt_cv_prog_compiler_static_works=yes
lt_cv_prog_compiler_static_works_CXX=yes
lt_cv_prog_gnu_ld=yes
lt_cv_prog_gnu_ldcxx=yes
lt_cv_sys_global_symbol_pipe='sed -n -e '\''s/^.*[	 ]\([ABCDGIRSTW][ABCDGIRSTW]*\)[	 ][	 ]*\([_A-Za-z][_A-Za-z0-9]*\)$/\1 \2 \2/p'\'''
lt_cv_sys_global_symbol_to_c_name_address='sed -n -e '\''s/^: \([^ ]*\) $/  {\"\1\", (void *) 0},/p'\'' -e '\''s/^[ABCDGIRSTW]* \([^ ]*\) \([^ ]*\)$/  {"\2", (void *) \&\2},/p'\'''
lt_cv_sys_global_symbol_to_c_name_address_lib_prefix='sed -n -e '\''s/^: \([^ ]*\) $/  {\"\1\", (void *) 0},/p'\'' -e '\''s/^[ABCDGIRSTW]* \([^ ]*\) \(lib[^ ]*\)$/  {"\2", (void *) \&\2},/p'\'' -e '\''s/^[ABCDGIRSTW]* \([^ ]*\) \([^ ]*\)$/  {"lib\2", (void *) \&\2},/p'\'''
lt_cv_sys_global_symbol_to_cdecl='sed -n -e '\''s/^T .* \(.*\)$/extern int \1();/p'\'' -e '\''s/^[ABCDGIRSTW]* .* \(.*\)$/extern char \1;/p'\'''
lt_cv_sys_max_cmd_len=1572864

## ----------------- ##
## Output variables. ##
## ----------------- ##

ACLOCAL='${SHELL} /home/danno/DevStuff/libpuzzle-0.11/missing --run aclocal-1.10'
AMDEPBACKSLASH='\'
AMDEP_FALSE='#'
AMDEP_TRUE=''
AMTAR='${SHELL} /home/danno/DevStuff/libpuzzle-0.11/missing --run tar'
AR='ar'
AUTOCONF='${SHELL} /home/danno/DevStuff/libpuzzle-0.11/missing --run autoconf'
AUTOHEADER='${SHELL} /home/danno/DevStuff/libpuzzle-0.11/missing --run autoheader'
AUTOMAKE='${SHELL} /home/danno/DevStuff/libpuzzle-0.11/missing --run automake-1.10'
AWK='mawk'
CC='gcc'
CCDEPMODE='depmode=none'
CFLAGS='-g -O2'
CPP='gcc -E'
CPPFLAGS=' -D_GNU_SOURCE=1 -I/usr/include'
CXX='g++'
CXXCPP='g++ -E'
CXXDEPMODE='depmode=none'
CXXFLAGS='-g -O2'
CYGPATH_W='echo'
DEFS='-DHAVE_CONFIG_H'
DEPDIR='.deps'
DSYMUTIL=''
DUMPBIN=''
ECHO_C=''
ECHO_N='-n'
ECHO_T=''
EGREP='/bin/grep -E'
EXEEXT=''
FGREP='/bin/grep -F'
GDLIBCONFIG='/usr/bin/gdlib-config'
GREP='/bin/grep'
INSTALL_DATA='${INSTALL} -m 644'
INSTALL_PROGRAM='${INSTALL}'
INSTALL_SCRIPT='${INSTALL}'
INSTALL_STRIP_PROGRAM='$(install_sh) -c -s'
LD='/usr/bin/ld -m elf_x86_64'
LDFLAGS=' -L/usr/lib/x86_64-linux-gnu -L/usr/lib/x86_64-linux-gnu -Wl,-Bsymbolic-functions -Wl,-z,relro'
LIBOBJS=''
LIBS='-lgd '
LIBTOOL='$(SHELL) $(top_builddir)/libtool'
LIPO=''
LN_S='ln -s'
LTLIBOBJS=''
MAINT='#'
MAINTAINER_MODE_FALSE=''
MAINTAINER_MODE_TRUE='#'
MAKEINFO='${SHELL} /home/danno/DevStuff/libpuzzle-0.11/missing --run makeinfo'
MKDIR_P='/bin/mkdir -p'
NM='/usr/bin/nm -B'
NMEDIT=''
OBJDUMP='objdump'
OBJEXT='o'
OTOOL64=''
OTOOL=''
PACKAGE='libpuzzle'
PACKAGE_BUGREPORT='bugs@pureftpd.org'
PACKAGE_NAME='libpuzzle'
PACKAGE_STRING='libpuzzle 0.11'
PACKAGE_TARNAME='libpuzzle'
PACKAGE_VERSION='0.11'
PATH_SEPARATOR=':'
RANLIB='ranlib'
SED='/bin/sed'
SET_MAKE=''
SHELL='/bin/bash'
STRIP='strip'
VERSION='0.11'
ac_ct_CC='gcc'
ac_ct_CXX='g++'
ac_ct_DUMPBIN=''
am__fastdepCC_FALSE=''
am__fastdepCC_TRUE='#'
am__fastdepCXX_FALSE=''
am__fastdepCXX_TRUE='#'
am__include='include'
am__isrc=''
am__leading_dot='.'
am__quote=''
am__tar='${AMTAR} chof - "$$tardir"'
am__untar='${AMTAR} xf -'
bindir='${exec_prefix}/bin'
build='x86_64-unknown-linux-gnu'
build_alias=''
build_cpu='x86_64'
build_os='linux-gnu'
build_vendor='unknown'
datadir='${datarootdir}'
datarootdir='${prefix}/share'
docdir='${datarootdir}/doc/${PACKAGE_TARNAME}'
dvidir='${docdir}'
exec_prefix='${prefix}'
host='x86_64-unknown-linux-gnu'
host_alias=''
host_cpu='x86_64'
host_os='linux-gnu'
host_vendor='unknown'
htmldir='${docdir}'
includedir='${prefix}/include'
infodir='${datarootdir}/info'
install_sh='$(SHELL) /home/danno/DevStuff/libpuzzle-0.11/install-sh'
libdir='${exec_prefix}/lib'
libexecdir='${exec_prefix}/libexec'
localedir='${datarootdir}/locale'
localstatedir='${prefix}/var'
lt_ECHO='echo'
mandir='${datarootdir}/man'
mkdir_p='/bin/mkdir -p'
oldincludedir='/usr/include'
pdfdir='${docdir}'
prefix='/usr/local'
program_transform_name='s,x,x,'
psdir='${docdir}'
sbindir='${exec_prefix}/sbin'
sharedstatedir='${prefix}/com'
sysconfdir='${prefix}/etc'
target_alias=''

## ----------- ##
## confdefs.h. ##
## ----------- ##

#define PACKAGE_NAME "libpuzzle"
#define PACKAGE_TARNAME "libpuzzle"
#define PACKAGE_VERSION "0.11"
#define PACKAGE_STRING "libpuzzle 0.11"
#define PACKAGE_BUGREPORT "bugs@pureftpd.org"
#define PACKAGE "libpuzzle"
#define VERSION "0.11"
#define HAVE_LIBGD 1
#define STDC_HEADERS 1
#define HAVE_SYS_TYPES_H 1
#define HAVE_SYS_STAT_H 1
#define HAVE_STDLIB_H 1
#define HAVE_STRING_H 1
#define HAVE_MEMORY_H 1
#define HAVE_STRINGS_H 1
#define HAVE_INTTYPES_H 1
#define HAVE_STDINT_H 1
#define HAVE_UNISTD_H 1
#define HAVE_DLFCN_H 1
#define LT_OBJDIR ".libs/"
#define HAVE_LIMITS_H 1
#define HAVE_MEMORY_H 1
#define HAVE_STDDEF_H 1
#define HAVE_STDLIB_H 1
#define HAVE_STRING_H 1
#define HAVE_UNISTD_H 1
#define HAVE_STDLIB_H 1
#define HAVE_MALLOC 1
#define HAVE_STDLIB_H 1
#define HAVE_REALLOC 1
#define HAVE_STRTOUL 1

configure: exit 0
